<?xml version="1.0" ?>
<coverage branch-rate="0" branches-covered="0" branches-valid="0" complexity="0" line-rate="1" lines-covered="7" lines-valid="7" timestamp="1627883853885" version="5.5">
	<!-- Generated by coverage.py: https://coverage.readthedocs.io -->
	<!-- Based on https://raw.githubusercontent.com/cobertura/web/master/htdocs/xml/coverage-04.dtd -->
	<sources>
		<source>/Users/diginori/myhub/pySatellite.github.io</source>
	</sources>
	<packages>
		<package branch-rate="0" complexity="0" line-rate="1" name="tests.pysatellite">
			<classes>
				<class branch-rate="0" complexity="0" filename="tests/pysatellite/test_rocket.py" line-rate="1" name="test_rocket.py">
					<methods/>
					<lines>
						<line hits="1" number="1"/>
						<line hits="1" number="4"/>
						<line hits="1" number="5"/>
					</lines>
				</class>
				<class branch-rate="0" complexity="0" filename="tests/pysatellite/test_satellite.py" line-rate="1" name="test_satellite.py">
					<methods/>
					<lines>
						<line hits="1" number="1"/>
						<line hits="1" number="4"/>
						<line hits="1" number="5"/>
						<line hits="1" number="6"/>
					</lines>
				</class>
			</classes>
		</package>
	</packages>
</coverage>
